<?xml version="1.0" encoding="UTF-8"?>
<testng-results skipped="0" failed="5" ignored="0" total="6" passed="1">
  <reporter-output>
  </reporter-output>
  <suite name="Suite" duration-ms="3568" started-at="2019-01-31T22:40:32Z" finished-at="2019-01-31T22:40:36Z">
    <groups>
    </groups>
    <test name="Test" duration-ms="3568" started-at="2019-01-31T22:40:32Z" finished-at="2019-01-31T22:40:36Z">
      <class name="TestCases.News">
        <test-method status="FAIL" signature="NBANews()[pri:0, instance:TestCases.News@77caeb3e]" name="NBANews" duration-ms="0" started-at="2019-01-31T17:40:32Z" finished-at="2019-01-31T17:40:32Z">
          <exception class="java.lang.RuntimeException">
            <message>
              <![CDATA[java.lang.InstantiationException]]>
            </message>
            <full-stacktrace>
              <![CDATA[java.lang.RuntimeException: java.lang.InstantiationExceptionat org.openqa.selenium.support.PageFactory.instantiatePage(PageFactory.java:134)at org.openqa.selenium.support.PageFactory.initElements(PageFactory.java:64)at TestCases.News.NBANews(News.java:66)at sun.reflect.NativeMethodAccessorImpl.invoke0(Native Method)at sun.reflect.NativeMethodAccessorImpl.invoke(NativeMethodAccessorImpl.java:62)at sun.reflect.DelegatingMethodAccessorImpl.invoke(DelegatingMethodAccessorImpl.java:43)at java.lang.reflect.Method.invoke(Method.java:498)at org.testng.internal.MethodInvocationHelper.invokeMethod(MethodInvocationHelper.java:124)at org.testng.internal.Invoker.invokeMethod(Invoker.java:571)at org.testng.internal.Invoker.invokeTestMethod(Invoker.java:707)at org.testng.internal.Invoker.invokeTestMethods(Invoker.java:979)at org.testng.internal.TestMethodWorker.invokeTestMethods(TestMethodWorker.java:125)at org.testng.internal.TestMethodWorker.run(TestMethodWorker.java:109)at java.util.concurrent.ThreadPoolExecutor.runWorker(ThreadPoolExecutor.java:1149)at java.util.concurrent.ThreadPoolExecutor$Worker.run(ThreadPoolExecutor.java:624)at java.lang.Thread.run(Thread.java:748)Caused by: java.lang.InstantiationExceptionat sun.reflect.InstantiationExceptionConstructorAccessorImpl.newInstance(InstantiationExceptionConstructorAccessorImpl.java:48)at java.lang.reflect.Constructor.newInstance(Constructor.java:423)at org.openqa.selenium.support.PageFactory.instantiatePage(PageFactory.java:129)... 15 more]]>
            </full-stacktrace>
          </exception> <!-- java.lang.RuntimeException -->
          <reporter-output>
          </reporter-output>
        </test-method> <!-- NBANews -->
        <test-method status="FAIL" signature="NFLNews()[pri:0, instance:TestCases.News@77caeb3e]" name="NFLNews" duration-ms="0" started-at="2019-01-31T17:40:32Z" finished-at="2019-01-31T17:40:32Z">
          <exception class="java.lang.RuntimeException">
            <message>
              <![CDATA[java.lang.InstantiationException]]>
            </message>
            <full-stacktrace>
              <![CDATA[java.lang.RuntimeException: java.lang.InstantiationExceptionat org.openqa.selenium.support.PageFactory.instantiatePage(PageFactory.java:134)at org.openqa.selenium.support.PageFactory.initElements(PageFactory.java:64)at TestCases.News.NFLNews(News.java:52)at sun.reflect.NativeMethodAccessorImpl.invoke0(Native Method)at sun.reflect.NativeMethodAccessorImpl.invoke(NativeMethodAccessorImpl.java:62)at sun.reflect.DelegatingMethodAccessorImpl.invoke(DelegatingMethodAccessorImpl.java:43)at java.lang.reflect.Method.invoke(Method.java:498)at org.testng.internal.MethodInvocationHelper.invokeMethod(MethodInvocationHelper.java:124)at org.testng.internal.Invoker.invokeMethod(Invoker.java:571)at org.testng.internal.Invoker.invokeTestMethod(Invoker.java:707)at org.testng.internal.Invoker.invokeTestMethods(Invoker.java:979)at org.testng.internal.TestMethodWorker.invokeTestMethods(TestMethodWorker.java:125)at org.testng.internal.TestMethodWorker.run(TestMethodWorker.java:109)at java.util.concurrent.ThreadPoolExecutor.runWorker(ThreadPoolExecutor.java:1149)at java.util.concurrent.ThreadPoolExecutor$Worker.run(ThreadPoolExecutor.java:624)at java.lang.Thread.run(Thread.java:748)Caused by: java.lang.InstantiationExceptionat sun.reflect.InstantiationExceptionConstructorAccessorImpl.newInstance(InstantiationExceptionConstructorAccessorImpl.java:48)at java.lang.reflect.Constructor.newInstance(Constructor.java:423)at org.openqa.selenium.support.PageFactory.instantiatePage(PageFactory.java:129)... 15 more]]>
            </full-stacktrace>
          </exception> <!-- java.lang.RuntimeException -->
          <reporter-output>
          </reporter-output>
        </test-method> <!-- NFLNews -->
        <test-method status="PASS" signature="Test1()[pri:0, instance:TestCases.News@77caeb3e]" name="Test1" duration-ms="3519" started-at="2019-01-31T17:40:32Z" finished-at="2019-01-31T17:40:36Z">
          <reporter-output>
          </reporter-output>
        </test-method> <!-- Test1 -->
        <test-method status="FAIL" signature="MLBNews()[pri:0, instance:TestCases.News@77caeb3e]" name="MLBNews" duration-ms="1" started-at="2019-01-31T17:40:36Z" finished-at="2019-01-31T17:40:36Z">
          <exception class="java.lang.RuntimeException">
            <message>
              <![CDATA[java.lang.InstantiationException]]>
            </message>
            <full-stacktrace>
              <![CDATA[java.lang.RuntimeException: java.lang.InstantiationExceptionat org.openqa.selenium.support.PageFactory.instantiatePage(PageFactory.java:134)at org.openqa.selenium.support.PageFactory.initElements(PageFactory.java:64)at TestCases.News.MLBNews(News.java:80)at sun.reflect.NativeMethodAccessorImpl.invoke0(Native Method)at sun.reflect.NativeMethodAccessorImpl.invoke(NativeMethodAccessorImpl.java:62)at sun.reflect.DelegatingMethodAccessorImpl.invoke(DelegatingMethodAccessorImpl.java:43)at java.lang.reflect.Method.invoke(Method.java:498)at org.testng.internal.MethodInvocationHelper.invokeMethod(MethodInvocationHelper.java:124)at org.testng.internal.Invoker.invokeMethod(Invoker.java:571)at org.testng.internal.Invoker.invokeTestMethod(Invoker.java:707)at org.testng.internal.Invoker.invokeTestMethods(Invoker.java:979)at org.testng.internal.TestMethodWorker.invokeTestMethods(TestMethodWorker.java:125)at org.testng.internal.TestMethodWorker.run(TestMethodWorker.java:109)at java.util.concurrent.ThreadPoolExecutor.runWorker(ThreadPoolExecutor.java:1149)at java.util.concurrent.ThreadPoolExecutor$Worker.run(ThreadPoolExecutor.java:624)at java.lang.Thread.run(Thread.java:748)Caused by: java.lang.InstantiationExceptionat sun.reflect.InstantiationExceptionConstructorAccessorImpl.newInstance(InstantiationExceptionConstructorAccessorImpl.java:48)at java.lang.reflect.Constructor.newInstance(Constructor.java:423)at org.openqa.selenium.support.PageFactory.instantiatePage(PageFactory.java:129)... 15 more]]>
            </full-stacktrace>
          </exception> <!-- java.lang.RuntimeException -->
          <reporter-output>
          </reporter-output>
        </test-method> <!-- MLBNews -->
        <test-method status="FAIL" signature="MLSNews()[pri:0, instance:TestCases.News@77caeb3e]" name="MLSNews" duration-ms="2" started-at="2019-01-31T17:40:36Z" finished-at="2019-01-31T17:40:36Z">
          <exception class="java.lang.RuntimeException">
            <message>
              <![CDATA[java.lang.InstantiationException]]>
            </message>
            <full-stacktrace>
              <![CDATA[java.lang.RuntimeException: java.lang.InstantiationExceptionat org.openqa.selenium.support.PageFactory.instantiatePage(PageFactory.java:134)at org.openqa.selenium.support.PageFactory.initElements(PageFactory.java:64)at TestCases.News.MLSNews(News.java:95)at sun.reflect.NativeMethodAccessorImpl.invoke0(Native Method)at sun.reflect.NativeMethodAccessorImpl.invoke(NativeMethodAccessorImpl.java:62)at sun.reflect.DelegatingMethodAccessorImpl.invoke(DelegatingMethodAccessorImpl.java:43)at java.lang.reflect.Method.invoke(Method.java:498)at org.testng.internal.MethodInvocationHelper.invokeMethod(MethodInvocationHelper.java:124)at org.testng.internal.Invoker.invokeMethod(Invoker.java:571)at org.testng.internal.Invoker.invokeTestMethod(Invoker.java:707)at org.testng.internal.Invoker.invokeTestMethods(Invoker.java:979)at org.testng.internal.TestMethodWorker.invokeTestMethods(TestMethodWorker.java:125)at org.testng.internal.TestMethodWorker.run(TestMethodWorker.java:109)at java.util.concurrent.ThreadPoolExecutor.runWorker(ThreadPoolExecutor.java:1149)at java.util.concurrent.ThreadPoolExecutor$Worker.run(ThreadPoolExecutor.java:624)at java.lang.Thread.run(Thread.java:748)Caused by: java.lang.InstantiationExceptionat sun.reflect.InstantiationExceptionConstructorAccessorImpl.newInstance(InstantiationExceptionConstructorAccessorImpl.java:48)at java.lang.reflect.Constructor.newInstance(Constructor.java:423)at org.openqa.selenium.support.PageFactory.instantiatePage(PageFactory.java:129)... 15 more]]>
            </full-stacktrace>
          </exception> <!-- java.lang.RuntimeException -->
          <reporter-output>
          </reporter-output>
        </test-method> <!-- MLSNews -->
        <test-method status="FAIL" signature="BanglaNews()[pri:0, instance:TestCases.News@77caeb3e]" name="BanglaNews" duration-ms="1" started-at="2019-01-31T17:40:36Z" depends-on-methods="TestCases.News.Test1" finished-at="2019-01-31T17:40:36Z">
          <exception class="java.lang.RuntimeException">
            <message>
              <![CDATA[java.lang.InstantiationException]]>
            </message>
            <full-stacktrace>
              <![CDATA[java.lang.RuntimeException: java.lang.InstantiationExceptionat org.openqa.selenium.support.PageFactory.instantiatePage(PageFactory.java:134)at org.openqa.selenium.support.PageFactory.initElements(PageFactory.java:64)at TestCases.News.BanglaNews(News.java:37)at sun.reflect.NativeMethodAccessorImpl.invoke0(Native Method)at sun.reflect.NativeMethodAccessorImpl.invoke(NativeMethodAccessorImpl.java:62)at sun.reflect.DelegatingMethodAccessorImpl.invoke(DelegatingMethodAccessorImpl.java:43)at java.lang.reflect.Method.invoke(Method.java:498)at org.testng.internal.MethodInvocationHelper.invokeMethod(MethodInvocationHelper.java:124)at org.testng.internal.Invoker.invokeMethod(Invoker.java:571)at org.testng.internal.Invoker.invokeTestMethod(Invoker.java:707)at org.testng.internal.Invoker.invokeTestMethods(Invoker.java:979)at org.testng.internal.TestMethodWorker.invokeTestMethods(TestMethodWorker.java:125)at org.testng.internal.TestMethodWorker.run(TestMethodWorker.java:109)at java.util.concurrent.ThreadPoolExecutor.runWorker(ThreadPoolExecutor.java:1149)at java.util.concurrent.ThreadPoolExecutor$Worker.run(ThreadPoolExecutor.java:624)at java.lang.Thread.run(Thread.java:748)Caused by: java.lang.InstantiationExceptionat sun.reflect.InstantiationExceptionConstructorAccessorImpl.newInstance(InstantiationExceptionConstructorAccessorImpl.java:48)at java.lang.reflect.Constructor.newInstance(Constructor.java:423)at org.openqa.selenium.support.PageFactory.instantiatePage(PageFactory.java:129)... 15 more]]>
            </full-stacktrace>
          </exception> <!-- java.lang.RuntimeException -->
          <reporter-output>
          </reporter-output>
        </test-method> <!-- BanglaNews -->
      </class> <!-- TestCases.News -->
    </test> <!-- Test -->
  </suite> <!-- Suite -->
</testng-results>
